     1 00000000                                 [FORMAT "WCOFF"]
     2 00000000                                 [INSTRSET "i486p"]
     3 00000000                                 [OPTIMIZE 1]
     4 00000000                                 [OPTION 1]
     5 00000000                                 [BITS 32]
     6 00000000                                 	EXTERN	_font_A
     7 00000000                                 	EXTERN	_io_hlt
     8 00000000                                 	EXTERN	_io_load_eflags
     9 00000000                                 	EXTERN	_io_cli
    10 00000000                                 	EXTERN	_io_out8
    11 00000000                                 	EXTERN	_io_store_eflags
    12 00000000                                 [FILE "bootpack.c"]
    13                                          [SECTION .data]
    14 00000000                                 _font_A:
    15 00000000 00                              	DB	0
    16 00000001 18                              	DB	24
    17 00000002 18                              	DB	24
    18 00000003 18                              	DB	24
    19 00000004 18                              	DB	24
    20 00000005 24                              	DB	36
    21 00000006 24                              	DB	36
    22 00000007 24                              	DB	36
    23 00000008 24                              	DB	36
    24 00000009 7E                              	DB	126
    25 0000000A 42                              	DB	66
    26 0000000B 42                              	DB	66
    27 0000000C 42                              	DB	66
    28 0000000D E7                              	DB	-25
    29 0000000E 00                              	DB	0
    30 0000000F 00                              	DB	0
    31                                          [SECTION .text]
    32 00000000                                 	GLOBAL	_HariMain
    33 00000000                                 _HariMain:
    34 00000000 55                              	PUSH	EBP
    35 00000001 89 E5                           	MOV	EBP,ESP
    36 00000003 E8 00000043                     	CALL	_init_palette
    37 00000008 0F BF 05 00000FF6               	MOVSX	EAX,WORD [4086]
    38 0000000F 50                              	PUSH	EAX
    39 00000010 0F BF 05 00000FF4               	MOVSX	EAX,WORD [4084]
    40 00000017 50                              	PUSH	EAX
    41 00000018 FF 35 00000FF8                  	PUSH	DWORD [4088]
    42 0000001E E8 00000114                     	CALL	_init_sceen
    43 00000023 68 [00000000]                   	PUSH	_font_A
    44 00000028 6A 07                           	PUSH	7
    45 0000002A 6A 08                           	PUSH	8
    46 0000002C 6A 08                           	PUSH	8
    47 0000002E 0F BF 05 00000FF4               	MOVSX	EAX,WORD [4084]
    48 00000035 50                              	PUSH	EAX
    49 00000036 FF 35 00000FF8                  	PUSH	DWORD [4088]
    50 0000003C E8 00000280                     	CALL	_putfont8
    51 00000041 83 C4 24                        	ADD	ESP,36
    52 00000044                                 L2:
    53 00000044 E8 [00000000]                   	CALL	_io_hlt
    54 00000049 EB F9                           	JMP	L2
    55                                          [SECTION .data]
    56 00000010                                 _table_rgb.0:
    57 00000010 00                              	DB	0
    58 00000011 00                              	DB	0
    59 00000012 00                              	DB	0
    60 00000013 FF                              	DB	-1
    61 00000014 00                              	DB	0
    62 00000015 00                              	DB	0
    63 00000016 00                              	DB	0
    64 00000017 FF                              	DB	-1
    65 00000018 00                              	DB	0
    66 00000019 FF                              	DB	-1
    67 0000001A FF                              	DB	-1
    68 0000001B 00                              	DB	0
    69 0000001C 00                              	DB	0
    70 0000001D 00                              	DB	0
    71 0000001E FF                              	DB	-1
    72 0000001F FF                              	DB	-1
    73 00000020 00                              	DB	0
    74 00000021 FF                              	DB	-1
    75 00000022 00                              	DB	0
    76 00000023 FF                              	DB	-1
    77 00000024 FF                              	DB	-1
    78 00000025 FF                              	DB	-1
    79 00000026 FF                              	DB	-1
    80 00000027 FF                              	DB	-1
    81 00000028 C6                              	DB	-58
    82 00000029 C6                              	DB	-58
    83 0000002A C6                              	DB	-58
    84 0000002B 84                              	DB	-124
    85 0000002C 00                              	DB	0
    86 0000002D 00                              	DB	0
    87 0000002E 00                              	DB	0
    88 0000002F 84                              	DB	-124
    89 00000030 00                              	DB	0
    90 00000031 84                              	DB	-124
    91 00000032 84                              	DB	-124
    92 00000033 00                              	DB	0
    93 00000034 00                              	DB	0
    94 00000035 00                              	DB	0
    95 00000036 84                              	DB	-124
    96 00000037 84                              	DB	-124
    97 00000038 00                              	DB	0
    98 00000039 84                              	DB	-124
    99 0000003A 00                              	DB	0
   100 0000003B 84                              	DB	-124
   101 0000003C 84                              	DB	-124
   102 0000003D 84                              	DB	-124
   103 0000003E 84                              	DB	-124
   104 0000003F 84                              	DB	-124
   105                                          [SECTION .text]
   106 0000004B                                 	GLOBAL	_init_palette
   107 0000004B                                 _init_palette:
   108 0000004B 55                              	PUSH	EBP
   109 0000004C 89 E5                           	MOV	EBP,ESP
   110 0000004E 68 [00000010]                   	PUSH	_table_rgb.0
   111 00000053 6A 0F                           	PUSH	15
   112 00000055 6A 00                           	PUSH	0
   113 00000057 E8 00000002                     	CALL	_set_palette
   114 0000005C C9                              	LEAVE
   115 0000005D C3                              	RET
   116 0000005E                                 	GLOBAL	_set_palette
   117 0000005E                                 _set_palette:
   118 0000005E 55                              	PUSH	EBP
   119 0000005F 89 E5                           	MOV	EBP,ESP
   120 00000061 57                              	PUSH	EDI
   121 00000062 56                              	PUSH	ESI
   122 00000063 53                              	PUSH	EBX
   123 00000064 51                              	PUSH	ECX
   124 00000065 8B 5D 08                        	MOV	EBX,DWORD [8+EBP]
   125 00000068 8B 7D 0C                        	MOV	EDI,DWORD [12+EBP]
   126 0000006B 8B 75 10                        	MOV	ESI,DWORD [16+EBP]
   127 0000006E E8 [00000000]                   	CALL	_io_load_eflags
   128 00000073 89 45 F0                        	MOV	DWORD [-16+EBP],EAX
   129 00000076 E8 [00000000]                   	CALL	_io_cli
   130 0000007B 53                              	PUSH	EBX
   131 0000007C 68 000003C8                     	PUSH	968
   132 00000081 E8 [00000000]                   	CALL	_io_out8
   133 00000086 39 FB                           	CMP	EBX,EDI
   134 00000088 58                              	POP	EAX
   135 00000089 5A                              	POP	EDX
   136 0000008A 7E 12                           	JLE	L11
   137 0000008C                                 L13:
   138 0000008C 8B 45 F0                        	MOV	EAX,DWORD [-16+EBP]
   139 0000008F 89 45 08                        	MOV	DWORD [8+EBP],EAX
   140 00000092 8D 65 F4                        	LEA	ESP,DWORD [-12+EBP]
   141 00000095 5B                              	POP	EBX
   142 00000096 5E                              	POP	ESI
   143 00000097 5F                              	POP	EDI
   144 00000098 5D                              	POP	EBP
   145 00000099 E9 [00000000]                   	JMP	_io_store_eflags
   146 0000009E                                 L11:
   147 0000009E 8A 06                           	MOV	AL,BYTE [ESI]
   148 000000A0 43                              	INC	EBX
   149 000000A1 C0 E8 02                        	SHR	AL,2
   150 000000A4 0F B6 C0                        	MOVZX	EAX,AL
   151 000000A7 50                              	PUSH	EAX
   152 000000A8 68 000003C9                     	PUSH	969
   153 000000AD E8 [00000000]                   	CALL	_io_out8
   154 000000B2 8A 46 01                        	MOV	AL,BYTE [1+ESI]
   155 000000B5 C0 E8 02                        	SHR	AL,2
   156 000000B8 0F B6 C0                        	MOVZX	EAX,AL
   157 000000BB 50                              	PUSH	EAX
   158 000000BC 68 000003C9                     	PUSH	969
   159 000000C1 E8 [00000000]                   	CALL	_io_out8
   160 000000C6 8A 46 02                        	MOV	AL,BYTE [2+ESI]
   161 000000C9 C0 E8 02                        	SHR	AL,2
   162 000000CC 83 C6 03                        	ADD	ESI,3
   163 000000CF 0F B6 C0                        	MOVZX	EAX,AL
   164 000000D2 50                              	PUSH	EAX
   165 000000D3 68 000003C9                     	PUSH	969
   166 000000D8 E8 [00000000]                   	CALL	_io_out8
   167 000000DD 83 C4 18                        	ADD	ESP,24
   168 000000E0 39 FB                           	CMP	EBX,EDI
   169 000000E2 7E BA                           	JLE	L11
   170 000000E4 EB A6                           	JMP	L13
   171 000000E6                                 	GLOBAL	_boxfill8
   172 000000E6                                 _boxfill8:
   173 000000E6 55                              	PUSH	EBP
   174 000000E7 89 E5                           	MOV	EBP,ESP
   175 000000E9 57                              	PUSH	EDI
   176 000000EA 56                              	PUSH	ESI
   177 000000EB 53                              	PUSH	EBX
   178 000000EC 57                              	PUSH	EDI
   179 000000ED 57                              	PUSH	EDI
   180 000000EE 8A 45 10                        	MOV	AL,BYTE [16+EBP]
   181 000000F1 8B 4D 18                        	MOV	ECX,DWORD [24+EBP]
   182 000000F4 8B 7D 1C                        	MOV	EDI,DWORD [28+EBP]
   183 000000F7 88 45 F3                        	MOV	BYTE [-13+EBP],AL
   184 000000FA 3B 4D 20                        	CMP	ECX,DWORD [32+EBP]
   185 000000FD 7F 31                           	JG	L26
   186 000000FF 8B 5D 0C                        	MOV	EBX,DWORD [12+EBP]
   187 00000102 0F AF D9                        	IMUL	EBX,ECX
   188 00000105                                 L24:
   189 00000105 8B 55 14                        	MOV	EDX,DWORD [20+EBP]
   190 00000108 39 FA                           	CMP	EDX,EDI
   191 0000010A 7F 1B                           	JG	L28
   192 0000010C 8B 75 08                        	MOV	ESI,DWORD [8+EBP]
   193 0000010F 01 DE                           	ADD	ESI,EBX
   194 00000111 01 D6                           	ADD	ESI,EDX
   195 00000113 89 75 EC                        	MOV	DWORD [-20+EBP],ESI
   196 00000116                                 L23:
   197 00000116 8B 75 EC                        	MOV	ESI,DWORD [-20+EBP]
   198 00000119 8A 45 F3                        	MOV	AL,BYTE [-13+EBP]
   199 0000011C 42                              	INC	EDX
   200 0000011D 88 06                           	MOV	BYTE [ESI],AL
   201 0000011F 46                              	INC	ESI
   202 00000120 89 75 EC                        	MOV	DWORD [-20+EBP],ESI
   203 00000123 39 FA                           	CMP	EDX,EDI
   204 00000125 7E EF                           	JLE	L23
   205 00000127                                 L28:
   206 00000127 41                              	INC	ECX
   207 00000128 03 5D 0C                        	ADD	EBX,DWORD [12+EBP]
   208 0000012B 3B 4D 20                        	CMP	ECX,DWORD [32+EBP]
   209 0000012E 7E D5                           	JLE	L24
   210 00000130                                 L26:
   211 00000130 5B                              	POP	EBX
   212 00000131 5E                              	POP	ESI
   213 00000132 5B                              	POP	EBX
   214 00000133 5E                              	POP	ESI
   215 00000134 5F                              	POP	EDI
   216 00000135 5D                              	POP	EBP
   217 00000136 C3                              	RET
   218 00000137                                 	GLOBAL	_init_sceen
   219 00000137                                 _init_sceen:
   220 00000137 55                              	PUSH	EBP
   221 00000138 89 E5                           	MOV	EBP,ESP
   222 0000013A 57                              	PUSH	EDI
   223 0000013B 56                              	PUSH	ESI
   224 0000013C 53                              	PUSH	EBX
   225 0000013D 83 EC 14                        	SUB	ESP,20
   226 00000140 0F BF 1D 00000FF6               	MOVSX	EBX,WORD [4086]
   227 00000147 0F BF 05 00000FF4               	MOVSX	EAX,WORD [4084]
   228 0000014E 89 45 EC                        	MOV	DWORD [-20+EBP],EAX
   229 00000151 A1 00000FF8                     	MOV	EAX,DWORD [4088]
   230 00000156 89 45 F0                        	MOV	DWORD [-16+EBP],EAX
   231 00000159 8B 7D EC                        	MOV	EDI,DWORD [-20+EBP]
   232 0000015C 8D 43 E3                        	LEA	EAX,DWORD [-29+EBX]
   233 0000015F 4F                              	DEC	EDI
   234 00000160 50                              	PUSH	EAX
   235 00000161 57                              	PUSH	EDI
   236 00000162 6A 00                           	PUSH	0
   237 00000164 6A 00                           	PUSH	0
   238 00000166 6A 0E                           	PUSH	14
   239 00000168 FF 75 EC                        	PUSH	DWORD [-20+EBP]
   240 0000016B FF 75 F0                        	PUSH	DWORD [-16+EBP]
   241 0000016E E8 FFFFFF73                     	CALL	_boxfill8
   242 00000173 8D 43 E4                        	LEA	EAX,DWORD [-28+EBX]
   243 00000176 50                              	PUSH	EAX
   244 00000177 57                              	PUSH	EDI
   245 00000178 50                              	PUSH	EAX
   246 00000179 6A 00                           	PUSH	0
   247 0000017B 6A 08                           	PUSH	8
   248 0000017D FF 75 EC                        	PUSH	DWORD [-20+EBP]
   249 00000180 FF 75 F0                        	PUSH	DWORD [-16+EBP]
   250 00000183 E8 FFFFFF5E                     	CALL	_boxfill8
   251 00000188 8D 43 E5                        	LEA	EAX,DWORD [-27+EBX]
   252 0000018B 83 C4 38                        	ADD	ESP,56
   253 0000018E 50                              	PUSH	EAX
   254 0000018F 57                              	PUSH	EDI
   255 00000190 50                              	PUSH	EAX
   256 00000191 6A 00                           	PUSH	0
   257 00000193 6A 07                           	PUSH	7
   258 00000195 FF 75 EC                        	PUSH	DWORD [-20+EBP]
   259 00000198 FF 75 F0                        	PUSH	DWORD [-16+EBP]
   260 0000019B E8 FFFFFF46                     	CALL	_boxfill8
   261 000001A0 8D 43 FF                        	LEA	EAX,DWORD [-1+EBX]
   262 000001A3 50                              	PUSH	EAX
   263 000001A4 8D 43 E6                        	LEA	EAX,DWORD [-26+EBX]
   264 000001A7 57                              	PUSH	EDI
   265 000001A8 50                              	PUSH	EAX
   266 000001A9 6A 00                           	PUSH	0
   267 000001AB 6A 08                           	PUSH	8
   268 000001AD FF 75 EC                        	PUSH	DWORD [-20+EBP]
   269 000001B0 FF 75 F0                        	PUSH	DWORD [-16+EBP]
   270 000001B3 E8 FFFFFF2E                     	CALL	_boxfill8
   271 000001B8 8D 43 E8                        	LEA	EAX,DWORD [-24+EBX]
   272 000001BB 83 C4 38                        	ADD	ESP,56
   273 000001BE 89 45 E8                        	MOV	DWORD [-24+EBP],EAX
   274 000001C1 50                              	PUSH	EAX
   275 000001C2 6A 3B                           	PUSH	59
   276 000001C4 50                              	PUSH	EAX
   277 000001C5 6A 03                           	PUSH	3
   278 000001C7 6A 07                           	PUSH	7
   279 000001C9 FF 75 EC                        	PUSH	DWORD [-20+EBP]
   280 000001CC FF 75 F0                        	PUSH	DWORD [-16+EBP]
   281 000001CF E8 FFFFFF12                     	CALL	_boxfill8
   282 000001D4 8D 43 FC                        	LEA	EAX,DWORD [-4+EBX]
   283 000001D7 50                              	PUSH	EAX
   284 000001D8 89 45 E4                        	MOV	DWORD [-28+EBP],EAX
   285 000001DB 6A 02                           	PUSH	2
   286 000001DD FF 75 E8                        	PUSH	DWORD [-24+EBP]
   287 000001E0 6A 02                           	PUSH	2
   288 000001E2 6A 07                           	PUSH	7
   289 000001E4 FF 75 EC                        	PUSH	DWORD [-20+EBP]
   290 000001E7 FF 75 F0                        	PUSH	DWORD [-16+EBP]
   291 000001EA E8 FFFFFEF7                     	CALL	_boxfill8
   292 000001EF 83 C4 38                        	ADD	ESP,56
   293 000001F2 FF 75 E4                        	PUSH	DWORD [-28+EBP]
   294 000001F5 6A 3B                           	PUSH	59
   295 000001F7 FF 75 E4                        	PUSH	DWORD [-28+EBP]
   296 000001FA 6A 03                           	PUSH	3
   297 000001FC 6A 0F                           	PUSH	15
   298 000001FE FF 75 EC                        	PUSH	DWORD [-20+EBP]
   299 00000201 FF 75 F0                        	PUSH	DWORD [-16+EBP]
   300 00000204 E8 FFFFFEDD                     	CALL	_boxfill8
   301 00000209 8D 43 FB                        	LEA	EAX,DWORD [-5+EBX]
   302 0000020C 50                              	PUSH	EAX
   303 0000020D 8D 43 E9                        	LEA	EAX,DWORD [-23+EBX]
   304 00000210 6A 3B                           	PUSH	59
   305 00000212 89 45 E0                        	MOV	DWORD [-32+EBP],EAX
   306 00000215 50                              	PUSH	EAX
   307 00000216 83 EB 03                        	SUB	EBX,3
   308 00000219 6A 3B                           	PUSH	59
   309 0000021B 6A 0F                           	PUSH	15
   310 0000021D FF 75 EC                        	PUSH	DWORD [-20+EBP]
   311 00000220 FF 75 F0                        	PUSH	DWORD [-16+EBP]
   312 00000223 E8 FFFFFEBE                     	CALL	_boxfill8
   313 00000228 83 C4 38                        	ADD	ESP,56
   314 0000022B 53                              	PUSH	EBX
   315 0000022C 6A 3B                           	PUSH	59
   316 0000022E 53                              	PUSH	EBX
   317 0000022F 6A 02                           	PUSH	2
   318 00000231 6A 00                           	PUSH	0
   319 00000233 FF 75 EC                        	PUSH	DWORD [-20+EBP]
   320 00000236 FF 75 F0                        	PUSH	DWORD [-16+EBP]
   321 00000239 E8 FFFFFEA8                     	CALL	_boxfill8
   322 0000023E 53                              	PUSH	EBX
   323 0000023F 6A 3C                           	PUSH	60
   324 00000241 FF 75 E8                        	PUSH	DWORD [-24+EBP]
   325 00000244 6A 3C                           	PUSH	60
   326 00000246 6A 00                           	PUSH	0
   327 00000248 FF 75 EC                        	PUSH	DWORD [-20+EBP]
   328 0000024B FF 75 F0                        	PUSH	DWORD [-16+EBP]
   329 0000024E E8 FFFFFE93                     	CALL	_boxfill8
   330 00000253 8B 7D EC                        	MOV	EDI,DWORD [-20+EBP]
   331 00000256 83 C4 38                        	ADD	ESP,56
   332 00000259 8B 75 EC                        	MOV	ESI,DWORD [-20+EBP]
   333 0000025C FF 75 E8                        	PUSH	DWORD [-24+EBP]
   334 0000025F 83 EE 04                        	SUB	ESI,4
   335 00000262 83 EF 2F                        	SUB	EDI,47
   336 00000265 56                              	PUSH	ESI
   337 00000266 FF 75 E8                        	PUSH	DWORD [-24+EBP]
   338 00000269 57                              	PUSH	EDI
   339 0000026A 6A 0F                           	PUSH	15
   340 0000026C FF 75 EC                        	PUSH	DWORD [-20+EBP]
   341 0000026F FF 75 F0                        	PUSH	DWORD [-16+EBP]
   342 00000272 E8 FFFFFE6F                     	CALL	_boxfill8
   343 00000277 FF 75 E4                        	PUSH	DWORD [-28+EBP]
   344 0000027A 57                              	PUSH	EDI
   345 0000027B FF 75 E0                        	PUSH	DWORD [-32+EBP]
   346 0000027E 57                              	PUSH	EDI
   347 0000027F 6A 0F                           	PUSH	15
   348 00000281 FF 75 EC                        	PUSH	DWORD [-20+EBP]
   349 00000284 FF 75 F0                        	PUSH	DWORD [-16+EBP]
   350 00000287 E8 FFFFFE5A                     	CALL	_boxfill8
   351 0000028C 83 C4 38                        	ADD	ESP,56
   352 0000028F 53                              	PUSH	EBX
   353 00000290 56                              	PUSH	ESI
   354 00000291 53                              	PUSH	EBX
   355 00000292 57                              	PUSH	EDI
   356 00000293 6A 07                           	PUSH	7
   357 00000295 FF 75 EC                        	PUSH	DWORD [-20+EBP]
   358 00000298 FF 75 F0                        	PUSH	DWORD [-16+EBP]
   359 0000029B E8 FFFFFE46                     	CALL	_boxfill8
   360 000002A0 8B 45 EC                        	MOV	EAX,DWORD [-20+EBP]
   361 000002A3 53                              	PUSH	EBX
   362 000002A4 83 E8 03                        	SUB	EAX,3
   363 000002A7 50                              	PUSH	EAX
   364 000002A8 FF 75 E8                        	PUSH	DWORD [-24+EBP]
   365 000002AB 50                              	PUSH	EAX
   366 000002AC 6A 07                           	PUSH	7
   367 000002AE FF 75 EC                        	PUSH	DWORD [-20+EBP]
   368 000002B1 FF 75 F0                        	PUSH	DWORD [-16+EBP]
   369 000002B4 E8 FFFFFE2D                     	CALL	_boxfill8
   370 000002B9 8D 65 F4                        	LEA	ESP,DWORD [-12+EBP]
   371 000002BC 5B                              	POP	EBX
   372 000002BD 5E                              	POP	ESI
   373 000002BE 5F                              	POP	EDI
   374 000002BF 5D                              	POP	EBP
   375 000002C0 C3                              	RET
   376 000002C1                                 	GLOBAL	_putfont8
   377 000002C1                                 _putfont8:
   378 000002C1 55                              	PUSH	EBP
   379 000002C2 89 E5                           	MOV	EBP,ESP
   380 000002C4 57                              	PUSH	EDI
   381 000002C5 56                              	PUSH	ESI
   382 000002C6 31 F6                           	XOR	ESI,ESI
   383 000002C8 53                              	PUSH	EBX
   384 000002C9 8B 7D 1C                        	MOV	EDI,DWORD [28+EBP]
   385 000002CC 8A 5D 18                        	MOV	BL,BYTE [24+EBP]
   386 000002CF                                 L43:
   387 000002CF 8B 45 14                        	MOV	EAX,DWORD [20+EBP]
   388 000002D2 8B 55 10                        	MOV	EDX,DWORD [16+EBP]
   389 000002D5 01 F0                           	ADD	EAX,ESI
   390 000002D7 0F AF 45 0C                     	IMUL	EAX,DWORD [12+EBP]
   391 000002DB 03 45 08                        	ADD	EAX,DWORD [8+EBP]
   392 000002DE 8D 0C 02                        	LEA	ECX,DWORD [EDX+EAX*1]
   393 000002E1 8A 14 3E                        	MOV	DL,BYTE [ESI+EDI*1]
   394 000002E4 84 D2                           	TEST	DL,DL
   395 000002E6 79 02                           	JNS	L35
   396 000002E8 88 19                           	MOV	BYTE [ECX],BL
   397 000002EA                                 L35:
   398 000002EA 88 D0                           	MOV	AL,DL
   399 000002EC 83 E0 40                        	AND	EAX,64
   400 000002EF 84 C0                           	TEST	AL,AL
   401 000002F1 74 03                           	JE	L36
   402 000002F3 88 59 01                        	MOV	BYTE [1+ECX],BL
   403 000002F6                                 L36:
   404 000002F6 88 D0                           	MOV	AL,DL
   405 000002F8 83 E0 20                        	AND	EAX,32
   406 000002FB 84 C0                           	TEST	AL,AL
   407 000002FD 74 03                           	JE	L37
   408 000002FF 88 59 02                        	MOV	BYTE [2+ECX],BL
   409 00000302                                 L37:
   410 00000302 88 D0                           	MOV	AL,DL
   411 00000304 83 E0 10                        	AND	EAX,16
   412 00000307 84 C0                           	TEST	AL,AL
   413 00000309 74 03                           	JE	L38
   414 0000030B 88 59 03                        	MOV	BYTE [3+ECX],BL
   415 0000030E                                 L38:
   416 0000030E 88 D0                           	MOV	AL,DL
   417 00000310 83 E0 08                        	AND	EAX,8
   418 00000313 84 C0                           	TEST	AL,AL
   419 00000315 74 03                           	JE	L39
   420 00000317 88 59 04                        	MOV	BYTE [4+ECX],BL
   421 0000031A                                 L39:
   422 0000031A 88 D0                           	MOV	AL,DL
   423 0000031C 83 E0 04                        	AND	EAX,4
   424 0000031F 84 C0                           	TEST	AL,AL
   425 00000321 74 03                           	JE	L40
   426 00000323 88 59 05                        	MOV	BYTE [5+ECX],BL
   427 00000326                                 L40:
   428 00000326 88 D0                           	MOV	AL,DL
   429 00000328 83 E0 02                        	AND	EAX,2
   430 0000032B 84 C0                           	TEST	AL,AL
   431 0000032D 74 03                           	JE	L41
   432 0000032F 88 59 06                        	MOV	BYTE [6+ECX],BL
   433 00000332                                 L41:
   434 00000332 83 E2 01                        	AND	EDX,1
   435 00000335 84 D2                           	TEST	DL,DL
   436 00000337 74 03                           	JE	L33
   437 00000339 88 59 07                        	MOV	BYTE [7+ECX],BL
   438 0000033C                                 L33:
   439 0000033C 46                              	INC	ESI
   440 0000033D 83 FE 0F                        	CMP	ESI,15
   441 00000340 7E 8D                           	JLE	L43
   442 00000342 5B                              	POP	EBX
   443 00000343 5E                              	POP	ESI
   444 00000344 5F                              	POP	EDI
   445 00000345 5D                              	POP	EBP
   446 00000346 C3                              	RET
